2017-06-05 18:02:15,682 Entity Recognition Get Started.
2017-06-05 18:02:18,029 Start adding Brick samples
2017-06-05 18:02:18,158 Finished adding Brick samples
2017-06-05 18:02:18,159 start tagset vectorizing
2017-06-05 18:02:18,171 finished tagset vectorizing
2017-06-05 18:02:20,766 Start learning multi-label classifier
2017-06-05 18:03:51,046 Finished learning multi-label classifier
2017-06-05 18:03:51,053 Start prediction
2017-06-05 18:03:51,061 Start Tagset prediction
2017-06-05 18:04:02,904 Finished Tagset prediction
2017-06-05 18:04:02,904 Start point prediction
2017-06-05 18:04:02,904 Finished point prediction
2017-06-05 18:04:02,978 Finished prediction
2017-06-05 18:04:02,978 Start prediction
2017-06-05 18:04:02,981 Start Tagset prediction
2017-06-05 18:04:08,249 Finished Tagset prediction
2017-06-05 18:04:08,249 Start point prediction
2017-06-05 18:04:08,249 Finished point prediction
2017-06-05 18:04:08,270 Finished prediction
/home/jbkoh/anaconda3/lib/python3.6/site-packages/sklearn/metrics/classification.py:1113: UndefinedMetricWarning: Precision and F-score are ill-defined and being set to 0.0 in labels with no predicted samples.
  'precision', 'predicted', average, warn_for)
/home/jbkoh/anaconda3/lib/python3.6/site-packages/sklearn/metrics/classification.py:1115: UndefinedMetricWarning: Recall and F-score are ill-defined and being set to 0.0 in labels with no true samples.
  'recall', 'true', average, warn_for)
2017-06-05 18:04:08,867 Start prediction
2017-06-05 18:04:08,882 Start Tagset prediction
2017-06-05 18:04:24,842 Finished Tagset prediction
2017-06-05 18:04:24,843 Start point prediction
2017-06-05 18:04:24,843 Finished point prediction
2017-06-05 18:04:24,933 Finished prediction
Brick Loaded


################ Iteration 1 ################
Training Time: 0:01:33.218305
avg prec: 0.9700598159134743
avg rec: 0.968965818690445
avg f1: 0.9693674044768428
------------------------------------result---------------
point precision: 1.0
point recall: 1.0
sensors where a point is not found:  0.0 0
sensors where incorrect points are found:  0.0 0
unknown reason:  0.3125 5
invalid points:  11
-----------
{'accuracy': 0.9848548199767713,
 'hamming_loss': 0.00011003117549972492,
 'hierarchy_accuracy': 0.9848548199767713,
 'macro_f1': 0.93914306463326069,
 'micro_f1': 0.99213188460097412,
 'point_correct_cnt': 194,
 'point_incorrect_cnt': 0,
 'point_precision': 1.0,
 'point_recall': 1.0,
 'precision': 0.9219512195121952,
 'subset_accuracy': 0.9219512195121952,
 'unfound_point_cnt': 0,
 'weighted_f1': 0.99127889961954929}
avg prec: [ 0.98026798  0.12481707]
avg rec: [ 0.99932961  0.09312904]
avg f1: [ 0.98611562  0.09401836]
INCORRECT POINT (513_0_3007037) FOUND: effective_cooling_temperature_setpoint -> effective_heating_temperature_setpoint
INCORRECT POINT (514_0_3009023) FOUND: effective_cooling_temperature_setpoint -> effective_heating_temperature_setpoint
INCORRECT POINT (513_0_3005692) FOUND: effective_cooling_temperature_setpoint -> effective_heating_temperature_setpoint
INCORRECT POINT (604_0_3012403) FOUND: effective_cooling_temperature_setpoint -> effective_heating_temperature_setpoint
INCORRECT POINT (514_1_3006931) FOUND: occupied_heating_max_supply_air_flow_setpoint -> effective_heating_temperature_setpoint
INCORRECT POINT (604_1_3013675) FOUND: setpoint -> temperature_setpoint
INCORRECT POINT (513_0_3005560) FOUND: effective_cooling_temperature_setpoint -> effective_heating_temperature_setpoint
INCORRECT POINT (604_1_3013210) FOUND: occupied_heating_max_supply_air_flow_setpoint -> effective_heating_temperature_setpoint
INCORRECT POINT (514_1_3006670) FOUND: occupied_heating_max_supply_air_flow_setpoint -> effective_heating_temperature_setpoint
INCORRECT POINT (513_0_3005272) FOUND: effective_cooling_temperature_setpoint -> effective_heating_temperature_setpoint
INCORRECT POINT (513_0_3005226) FOUND: effective_cooling_temperature_setpoint -> effective_heating_temperature_setpoint
INCORRECT POINT (513_0_3005539) FOUND: effective_cooling_temperature_setpoint -> effective_heating_temperature_setpoint
INCORRECT POINT (514_0_3006801) FOUND: effective_cooling_temperature_setpoint -> effective_heating_temperature_setpoint
INCORRECT POINT (513_0_3005042) FOUND: effective_cooling_temperature_setpoint -> effective_heating_temperature_setpoint
INCORRECT POINT (513_0_3005853) FOUND: effective_cooling_temperature_setpoint -> effective_heating_temperature_setpoint
INCORRECT POINT (513_1_3006251) FOUND: occupied_heating_max_supply_air_flow_setpoint -> effective_heating_temperature_setpoint
INCORRECT POINT (513_0_3007478) FOUND: effective_cooling_temperature_setpoint -> effective_heating_temperature_setpoint
INCORRECT POINT (514_14_3009021) FOUND: occupancy_command -> occupied_command
INCORRECT POINT (513_0_3005602) FOUND: effective_cooling_temperature_setpoint -> effective_heating_temperature_setpoint
INCORRECT POINT (513_0_3007100) FOUND: effective_cooling_temperature_setpoint -> effective_heating_temperature_setpoint
INCORRECT POINT (513_1_3005906) FOUND: occupied_heating_max_supply_air_flow_setpoint -> effective_heating_temperature_setpoint
INCORRECT POINT (514_1_3006482) FOUND: occupied_heating_max_supply_air_flow_setpoint -> effective_heating_temperature_setpoint
INCORRECT POINT (513_1_3006412) FOUND: occupied_heating_max_supply_air_flow_setpoint -> effective_heating_temperature_setpoint
INCORRECT POINT (513_0_3006680) FOUND: effective_cooling_temperature_setpoint -> effective_heating_temperature_setpoint
INCORRECT POINT (513_0_3004989) FOUND: supply_air_flow_sensor -> supply_air_flow_setpoint
INCORRECT POINT (513_1_3004934) FOUND: occupied_heating_max_supply_air_flow_setpoint -> effective_heating_temperature_setpoint
INCORRECT POINT (513_0_3005899) FOUND: effective_cooling_temperature_setpoint -> effective_heating_temperature_setpoint
INCORRECT POINT (513_0_3005295) FOUND: effective_cooling_temperature_setpoint -> effective_heating_temperature_setpoint
INCORRECT POINT (513_0_3005019) FOUND: effective_cooling_temperature_setpoint -> effective_heating_temperature_setpoint
INCORRECT POINT (514_0_3006498) FOUND: effective_cooling_temperature_setpoint -> effective_heating_temperature_setpoint
INCORRECT POINT (514_0_3006686) FOUND: effective_cooling_temperature_setpoint -> effective_heating_temperature_setpoint
INCORRECT POINT (513_1_3004888) FOUND: occupied_heating_max_supply_air_flow_setpoint -> effective_heating_temperature_setpoint
INCORRECT POINT (513_0_3006638) FOUND: effective_cooling_temperature_setpoint -> effective_heating_temperature_setpoint
INCORRECT POINT (604_0_3012532) FOUND: supply_air_flow_sensor -> supply_air_flow_setpoint
INCORRECT POINT (604_1_3012496) FOUND: occupied_heating_max_supply_air_flow_setpoint -> effective_heating_temperature_setpoint
INCORRECT POINT (604_1_3012869) FOUND: occupied_heating_max_supply_air_flow_setpoint -> effective_heating_temperature_setpoint
INCORRECT POINT (513_1_3006159) FOUND: occupied_heating_max_supply_air_flow_setpoint -> effective_heating_temperature_setpoint
INCORRECT POINT (513_0_3006743) FOUND: effective_cooling_temperature_setpoint -> effective_heating_temperature_setpoint
INCORRECT POINT (513_0_3005581) FOUND: effective_cooling_temperature_setpoint -> effective_heating_temperature_setpoint
INCORRECT POINT (604_0_3013176) FOUND: effective_cooling_temperature_setpoint -> effective_heating_temperature_setpoint
INCORRECT POINT (513_0_3006037) FOUND: effective_cooling_temperature_setpoint -> effective_heating_temperature_setpoint
INCORRECT POINT (514_1_3006624) FOUND: occupied_heating_max_supply_air_flow_setpoint -> effective_heating_temperature_setpoint
INCORRECT POINT (604_1_3013053) FOUND: occupied_heating_max_supply_air_flow_setpoint -> effective_heating_temperature_setpoint
INCORRECT POINT (514_1_3006951) FOUND: average_zone_temperature_sensor -> zone_temperature_sensor
INCORRECT POINT (513_0_3004904) FOUND: effective_cooling_temperature_setpoint -> effective_heating_temperature_setpoint
INCORRECT POINT (513_0_3006701) FOUND: effective_cooling_temperature_setpoint -> effective_heating_temperature_setpoint
INCORRECT POINT (604_1_3012422) FOUND: occupied_heating_max_supply_air_flow_setpoint -> effective_heating_temperature_setpoint
INCORRECT POINT (513_0_3005968) FOUND: effective_cooling_temperature_setpoint -> effective_heating_temperature_setpoint
INCORRECT POINT (513_0_3005065) FOUND: effective_cooling_temperature_setpoint -> effective_heating_temperature_setpoint
INCORRECT POINT (514_0_3006521) FOUND: effective_cooling_temperature_setpoint -> effective_heating_temperature_setpoint
INCORRECT POINT (513_0_3005111) FOUND: effective_cooling_temperature_setpoint -> effective_heating_temperature_setpoint
INCORRECT POINT (513_1_3004865) FOUND: occupied_heating_max_supply_air_flow_setpoint -> effective_heating_temperature_setpoint
INCORRECT POINT (514_1_3006828) FOUND: average_zone_temperature_sensor -> zone_temperature_sensor
INCORRECT POINT (604_1_3012991) FOUND: occupied_heating_max_supply_air_flow_setpoint -> effective_heating_temperature_setpoint
INCORRECT POINT (513_0_3007205) FOUND: effective_cooling_temperature_setpoint -> effective_heating_temperature_setpoint
INCORRECT POINT (604_1_3012916) FOUND: occupied_heating_max_supply_air_flow_setpoint -> effective_heating_temperature_setpoint
INCORRECT POINT (513_0_3005157) FOUND: effective_cooling_temperature_setpoint -> effective_heating_temperature_setpoint
INCORRECT POINT (513_0_3005761) FOUND: effective_cooling_temperature_setpoint -> effective_heating_temperature_setpoint
INCORRECT POINT (604_1_3013570) FOUND: setpoint -> temperature_setpoint
INCORRECT POINT (514_0_3006443) FOUND: effective_cooling_temperature_setpoint -> effective_heating_temperature_setpoint
INCORRECT POINT (604_0_3012761) FOUND: effective_cooling_temperature_setpoint -> effective_heating_temperature_setpoint
INCORRECT POINT (604_0_3012897) FOUND: effective_cooling_temperature_setpoint -> effective_heating_temperature_setpoint2017-06-05 18:04:25,264 # of not detected tagsets: [130]
2017-06-05 18:04:25,264 # of learnt but not detected tagsets: [43]
2017-06-05 18:04:25,282 # total found tagsets in todo: 30
2017-06-05 18:04:25,282 # unfound tagsets: 130
2017-06-05 18:04:25,282 # todo tagsets accounting unfound tagsets: 28
2017-06-05 18:04:25,282 Ratio of correctly found todo srcids: 1.0
2017-06-05 18:04:25,662 Entity Recognition Get Started.
2017-06-05 18:04:28,909 Start adding Brick samples
2017-06-05 18:04:29,052 Finished adding Brick samples
2017-06-05 18:04:29,052 start tagset vectorizing
2017-06-05 18:04:29,067 finished tagset vectorizing
2017-06-05 18:04:32,232 Start learning multi-label classifier
2017-06-05 18:07:52,460 Finished learning multi-label classifier
2017-06-05 18:07:52,468 Start prediction
2017-06-05 18:07:52,476 Start Tagset prediction
2017-06-05 18:08:11,311 Finished Tagset prediction
2017-06-05 18:08:11,312 Start point prediction
2017-06-05 18:08:11,312 Finished point prediction
2017-06-05 18:08:11,426 Finished prediction
2017-06-05 18:08:11,426 Start prediction
2017-06-05 18:08:11,438 Start Tagset prediction
2017-06-05 18:08:20,364 Finished Tagset prediction
2017-06-05 18:08:20,365 Start point prediction
2017-06-05 18:08:20,365 Finished point prediction
2017-06-05 18:08:20,403 Finished prediction
/home/jbkoh/anaconda3/lib/python3.6/site-packages/sklearn/metrics/classification.py:1113: UndefinedMetricWarning: Precision and F-score are ill-defined and being set to 0.0 in labels with no predicted samples.
  'precision', 'predicted', average, warn_for)
/home/jbkoh/anaconda3/lib/python3.6/site-packages/sklearn/metrics/classification.py:1115: UndefinedMetricWarning: Recall and F-score are ill-defined and being set to 0.0 in labels with no true samples.
  'recall', 'true', average, warn_for)
2017-06-05 18:08:21,321 Start prediction
2017-06-05 18:08:21,342 Start Tagset prediction
2017-06-05 18:08:43,065 Finished Tagset prediction
2017-06-05 18:08:43,066 Start point prediction
2017-06-05 18:08:43,066 Finished point prediction
2017-06-05 18:08:43,212 Finished prediction

INCORRECT POINT (513_0_3005341) FOUND: effective_cooling_temperature_setpoint -> effective_heating_temperature_setpoint
INCORRECT POINT (513_0_3006512) FOUND: effective_cooling_temperature_setpoint -> effective_heating_temperature_setpoint
INCORRECT POINT (514_0_3006617) FOUND: effective_cooling_temperature_setpoint -> effective_heating_temperature_setpoint
INCORRECT POINT (513_1_3005699) FOUND: occupied_heating_max_supply_air_flow_setpoint -> effective_heating_temperature_setpoint
INCORRECT POINT (513_1_3005348) FOUND: occupied_heating_max_supply_air_flow_setpoint -> effective_heating_temperature_setpoint
INCORRECT POINT (604_0_3013049) FOUND: effective_cooling_temperature_setpoint -> effective_heating_temperature_setpoint
INCORRECT POINT (604_0_3012601) FOUND: effective_cooling_temperature_setpoint -> effective_heating_temperature_setpoint
INCORRECT POINT (514_0_3006640) FOUND: effective_cooling_temperature_setpoint -> effective_heating_temperature_setpoint
INCORRECT POINT (514_1_3006505) FOUND: occupied_heating_max_supply_air_flow_setpoint -> effective_heating_temperature_setpoint
INCORRECT POINT (513_0_3005807) FOUND: effective_cooling_temperature_setpoint -> effective_heating_temperature_setpoint
INCORRECT POINT (513_0_3006175) FOUND: effective_cooling_temperature_setpoint -> effective_heating_temperature_setpoint
INCORRECT POINT (604_1_3013132) FOUND: occupied_heating_max_supply_air_flow_setpoint -> effective_heating_temperature_setpoint
INCORRECT POINT (513_0_3004927) FOUND: effective_cooling_temperature_setpoint -> effective_heating_temperature_setpoint
INCORRECT POINT (513_0_3007394) FOUND: effective_cooling_temperature_setpoint -> effective_heating_temperature_setpoint
INCORRECT POINT (513_1_3005998) FOUND: occupied_heating_max_supply_air_flow_setpoint -> effective_heating_temperature_setpoint
INCORRECT POINT (514_0_3006732) FOUND: effective_cooling_temperature_setpoint -> effective_heating_temperature_setpoint
INCORRECT POINT (513_0_3007121) FOUND: effective_cooling_temperature_setpoint -> effective_heating_temperature_setpoint
INCORRECT POINT (604_1_3013023) FOUND: occupied_heating_max_supply_air_flow_setpoint -> effective_heating_temperature_setpoint
INCORRECT POINT (513_0_3006405) FOUND: effective_cooling_temperature_setpoint -> effective_heating_temperature_setpoint
INCORRECT POINT (514_0_3007094) FOUND: effective_cooling_temperature_setpoint -> effective_heating_temperature_setpoint
INCORRECT POINT (513_0_3006152) FOUND: effective_cooling_temperature_setpoint -> effective_heating_temperature_setpoint
------------------------------------result---------------
point precision: 0.7768817204301075
point recall: 0.3058201058201058
rate points not found in source               among sensors where point is not found: 
	0.0
sensors where a point is not found:  0.8128872366790583 656
sensors where incorrect points are found:  0.10285006195786865 83
unknown reason:  0.021065675340768277 17
invalid points:  51
-----------
{'accuracy': 0.756387822351681,
 'hamming_loss': 0.001774925862252612,
 'hierarchy_accuracy': 0.7574949983082546,
 'macro_f1': 0.094018355593671443,
 'micro_f1': 0.86649195058030704,
 'point_correct_cnt': 289,
 'point_incorrect_cnt': 83,
 'point_precision': 0.7768817204301075,
 'point_recall': 0.3058201058201058,
 'precision': 0.2520852641334569,
 'subset_accuracy': 0.2520852641334569,
 'unfound_point_cnt': 656,
 'weighted_f1': 0.79440742064370862}
################################# Iter# 1
history of point precision: [0.7768817204301075]
history of point recall: [0.3058201058201058]
history of correct point cnt: [289]
history of incorrect point cnt: [83]
history of unfound point cnt: [656]
history of accuracy: [0.756387822351681]
history of micro f1: [0.094018355593671443]


################ Iteration 2 ################
Training Time: 0:03:23.802171
avg prec: 0.9725437190032217
avg rec: 0.9714244188241334
avg f1: 0.9718277211904712
------------------------------------result---------------
point precision: 1.0
point recall: 1.0
sensors where a point is not found:  0.0 0
sensors where incorrect points are found:  0.0 0
unknown reason:  0.2777777777777778 5
invalid points:  13
-----------
{'accuracy': 0.9837601078167117,
 'hamming_loss': 9.322497618709846e-05,
 'hierarchy_accuracy': 0.9837601078167117,
 'macro_f1': 0.94397031539888676,
 'micro_f1': 0.99331589654170305,
 'point_correct_cnt': 252,
 'point_incorrect_cnt': 0,
 'point_precision': 1.0,
 'point_recall': 1.0,
 'precision': 0.9320754716981132,
 'subset_accuracy': 0.9320754716981132,
 'unfound_point_cnt': 0,
 'weighted_f1': 0.99245143970100547}
avg prec: [ 0.99007688  0.26762894]
avg rec: [ 0.99956568  0.19992697]
avg f1: [ 0.99450208  0.21622363]
INCORRECT POINT (604_0_3013305) FOUND: motor_speed_sensor -> vfd_speed_command
INCORRECT POINT (514_1_3006931) FOUND: occupied_heating_max_supply_air_flow_setpoint -> effective_heating_temperature_setpoint
INCORRECT POINT (604_1_3012916) FOUND: occupied_heating_max_supply_air_flow_setpoint -> effective_heating_temperature_setpoint
INCORRECT POINT (514_1_3006505) FOUND: occupied_heating_max_supply_air_flow_setpoint -> effective_heating_temperature_setpoint
INCORRECT POINT (513_1_3005998) FOUND: occupied_heating_max_supply_air_flow_setpoint -> effective_heating_temperature_setpoint
INCORRECT POINT (513_1_3004865) FOUND: occupied_heating_max_supply_air_flow_setpoint -> effective_heating_temperature_setpoint
INCORRECT POINT (604_1_3012869) FOUND: occupied_heating_max_supply_air_flow_setpoint -> effective_heating_temperature_setpoint
INCORRECT POINT (513_0_3004989) FOUND: supply_air_flow_sensor -> supply_air_flow_setpoint
INCORRECT POINT (604_1_3012456) FOUND: occupied_heating_temperature_setpoint -> effective_heating_temperature_setpoint
INCORRECT POINT (513_1_3005348) FOUND: occupied_heating_max_supply_air_flow_setpoint -> effective_heating_temperature_setpoint
INCORRECT POINT (513_1_3005906) FOUND: occupied_heating_max_supply_air_flow_setpoint -> effective_heating_temperature_setpoint
INCORRECT POINT (514_1_3006951) FOUND: average_zone_temperature_sensor -> zone_temperature_sensor
INCORRECT POINT (514_1_3006624) FOUND: occupied_heating_max_supply_air_flow_setpoint -> effective_heating_temperature_setpoint
INCORRECT POINT (513_1_3006251) FOUND: occupied_heating_max_supply_air_flow_setpoint -> effective_heating_temperature_setpoint
INCORRECT POINT (604_1_3012991) FOUND: occupied_heating_max_supply_air_flow_setpoint -> effective_heating_temperature_setpoint
INCORRECT POINT (604_1_3013053) FOUND: occupied_heating_max_supply_air_flow_setpoint -> effective_heating_temperature_setpoint
INCORRECT POINT (513_1_3006159) FOUND: occupied_heating_max_supply_air_flow_setpoint -> effective_heating_temperature_setpoint
INCORRECT POINT (604_1_3012496) FOUND: occupied_heating_max_supply_air_flow_setpoint -> effective_heating_temperature_setpoint
INCORRECT POINT (604_0_3012532) FOUND: supply_air_flow_sensor -> supply_air_flow_setpoint
INCORRECT POINT (513_1_3004934) FOUND: occupied_heating_max_supply_air_flow_setpoint -> effective_heating_temperature_setpoint
INCORRECT POINT (514_14_3009021) FOUND: occupancy_command -> occupied_command
INCORRECT POINT (513_1_3005699) FOUND: occupied_heating_max_supply_air_flow_setpoint -> effective_heating_temperature_setpoint
INCORRECT POINT (513_1_3006412) FOUND: occupied_heating_max_supply_air_flow_setpoint -> effective_heating_temperature_setpoint
INCORRECT POINT (513_1_3004888) FOUND: occupied_heating_max_supply_air_flow_setpoint -> effective_heating_temperature_setpoint
INCORRECT POINT (514_1_3006670) FOUND: occupied_heating_max_supply_air_flow_setpoint -> effective_heating_temperature_setpoint
INCORRECT POINT (514_2_3010564) FOUND: min_supply_air_temperature_setpoint -> max_supply_air_temperature_setpoint
INCORRECT POINT (604_1_3013132) FOUND: occupied_heating_max_supply_air_flow_setpoint -> effective_heating_temperature_setpoint
INCORRECT POINT (514_1_3006828) FOUND: average_zone_temperature_sensor -> zone_temperature_sensor
INCORRECT POINT (604_1_3012531) FOUND: occupied_heating_temperature_setpoint -> effective_heating_temperature_setpoint
INCORRECT POINT (604_1_3013023) FOUND: occupied_heating_max_supply_air_flow_setpoint -> effective_heating_temperature_setpoint2017-06-05 18:08:43,773 # of not detected tagsets: [130, 125]
2017-06-05 18:08:43,774 # of learnt but not detected tagsets: [43, 50]
2017-06-05 18:08:43,792 # total found tagsets in todo: 33
2017-06-05 18:08:43,792 # unfound tagsets: 125
2017-06-05 18:08:43,792 # todo tagsets accounting unfound tagsets: 31
2017-06-05 18:08:43,792 Ratio of correctly found todo srcids: 1.0
2017-06-05 18:08:44,379 Entity Recognition Get Started.
2017-06-05 18:08:49,681 Start adding Brick samples
2017-06-05 18:08:49,898 Finished adding Brick samples
2017-06-05 18:08:49,898 start tagset vectorizing
2017-06-05 18:08:49,922 finished tagset vectorizing
2017-06-05 18:08:54,670 Start learning multi-label classifier
2017-06-05 18:11:11,572 Finished learning multi-label classifier
2017-06-05 18:11:11,582 Start prediction
2017-06-05 18:11:11,589 Start Tagset prediction
2017-06-05 18:11:26,882 Finished Tagset prediction
2017-06-05 18:11:26,882 Start point prediction
2017-06-05 18:11:26,882 Finished point prediction
2017-06-05 18:11:26,966 Finished prediction
2017-06-05 18:11:26,966 Start prediction
2017-06-05 18:11:26,970 Start Tagset prediction
2017-06-05 18:11:36,443 Finished Tagset prediction
2017-06-05 18:11:36,444 Start point prediction
2017-06-05 18:11:36,444 Finished point prediction
2017-06-05 18:11:36,490 Finished prediction
/home/jbkoh/anaconda3/lib/python3.6/site-packages/sklearn/metrics/classification.py:1113: UndefinedMetricWarning: Precision and F-score are ill-defined and being set to 0.0 in labels with no predicted samples.
  'precision', 'predicted', average, warn_for)
/home/jbkoh/anaconda3/lib/python3.6/site-packages/sklearn/metrics/classification.py:1115: UndefinedMetricWarning: Recall and F-score are ill-defined and being set to 0.0 in labels with no true samples.
  'recall', 'true', average, warn_for)
2017-06-05 18:11:37,857 Start prediction
2017-06-05 18:11:37,872 Start Tagset prediction
2017-06-05 18:12:00,598 Finished Tagset prediction
2017-06-05 18:12:00,598 Start point prediction
2017-06-05 18:12:00,598 Finished point prediction
2017-06-05 18:12:00,737 Finished prediction

INCORRECT POINT (604_1_3012422) FOUND: occupied_heating_max_supply_air_flow_setpoint -> effective_heating_temperature_setpoint
INCORRECT POINT (514_1_3006482) FOUND: occupied_heating_max_supply_air_flow_setpoint -> effective_heating_temperature_setpoint
INCORRECT POINT (604_1_3013210) FOUND: occupied_heating_max_supply_air_flow_setpoint -> effective_heating_temperature_setpoint
------------------------------------result---------------
point precision: 0.9108108108108108
point recall: 0.3376753507014028
rate points not found in source               among sensors where point is not found: 
	0.0
sensors where a point is not found:  0.8708827404479579 661
sensors where incorrect points are found:  0.043478260869565216 33
unknown reason:  0.022397891963109356 17
invalid points:  48
-----------
{'accuracy': 0.854248495814764,
 'hamming_loss': 0.0010651546116715014,
 'hierarchy_accuracy': 0.8557333730526535,
 'macro_f1': 0.21622362914898177,
 'micro_f1': 0.92344018317115062,
 'point_correct_cnt': 337,
 'point_incorrect_cnt': 33,
 'point_precision': 0.9108108108108108,
 'point_recall': 0.3376753507014028,
 'precision': 0.2965708989805375,
 'subset_accuracy': 0.2965708989805375,
 'unfound_point_cnt': 661,
 'weighted_f1': 0.86580220018400289}
################################# Iter# 2
history of point precision: [0.7768817204301075, 0.9108108108108108]
history of point recall: [0.3058201058201058, 0.3376753507014028]
history of correct point cnt: [289, 337]
history of incorrect point cnt: [83, 33]
history of unfound point cnt: [656, 661]
history of accuracy: [0.756387822351681, 0.854248495814764]
history of micro f1: [0.094018355593671443, 0.21622362914898177]


################ Iteration 3 ################
Training Time: 0:02:22.292252
avg prec: 0.9547861118798411
avg rec: 0.9524078765545831
avg f1: 0.9531673413242171
------------------------------------result---------------
point precision: 1.0
point recall: 1.0
sensors where a point is not found:  0.0 0
sensors where incorrect points are found:  0.0 0
unknown reason:  0.71875 23
invalid points:  9
-----------
{'accuracy': 0.9762820512820514,
 'hamming_loss': 0.00018177311410394112,
 'hierarchy_accuracy': 0.9762820512820514,
 'macro_f1': 0.906854299449391,
 'micro_f1': 0.98654269635429415,
 'point_correct_cnt': 316,
 'point_incorrect_cnt': 0,
 'point_precision': 1.0,
 'point_recall': 1.0,
 'precision': 0.9015384615384615,
 'subset_accuracy': 0.9015384615384615,
 'unfound_point_cnt': 0,
 'weighted_f1': 0.98671226578219318}
avg prec: [ 0.98828625  0.37283093]
avg rec: [ 0.99946003  0.27586729]
avg f1: [ 0.99272135  0.29397152]
INCORRECT POINT (514_1_3006372) FOUND: heat_exchanger_supply_water_temperature_dead_band_setpoint -> supply_water_temperature_integral_time_setpoint
INCORRECT POINT (513_1_3005811) FOUND: occupied_cooling_max_supply_air_flow_setpoint -> cooling_max_discharge_air_flow_setpoint
INCORRECT POINT (513_1_3005650) FOUND: occupied_cooling_max_supply_air_flow_setpoint -> cooling_max_discharge_air_flow_setpoint
INCORRECT POINT (514_14_3009021) FOUND: occupancy_command -> occupied_command
INCORRECT POINT (514_2_3010564) FOUND: min_supply_air_temperature_setpoint -> max_supply_air_temperature_setpoint
INCORRECT POINT (513_1_3006133) FOUND: occupied_cooling_max_supply_air_flow_setpoint -> cooling_max_discharge_air_flow_setpoint
INCORRECT POINT (604_1_3012944) FOUND: occupied_cooling_max_supply_air_flow_setpoint -> cooling_max_discharge_air_flow_setpoint
INCORRECT POINT (514_1_3007539) FOUND: exhaust_air_static_pressure_dead_band_setpoint -> exhaust_air_static_pressure_proportional_band_setpoint
INCORRECT POINT (514_1_3006830) FOUND: occupied_cooling_max_supply_air_flow_setpoint -> cooling_max_discharge_air_flow_setpoint
INCORRECT POINT (513_1_3005184) FOUND: occupied_cooling_max_supply_air_flow_setpoint -> cooling_max_discharge_air_flow_setpoint
INCORRECT POINT (514_1_3006713) FOUND: occupied_cooling_max_supply_air_flow_setpoint -> cooling_max_discharge_air_flow_setpoint
INCORRECT POINT (513_2_3015660) FOUND: max_supply_air_temperature_setpoint -> min_supply_air_temperature_setpoint
INCORRECT POINT (513_1_3005857) FOUND: occupied_cooling_max_supply_air_flow_setpoint -> cooling_max_discharge_air_flow_setpoint
INCORRECT POINT (513_1_3004545) FOUND: supply_water_temperature_dead_band_setpoint -> supply_water_temperature_integral_time_setpoint
INCORRECT POINT (604_1_3013021) FOUND: occupied_cooling_max_supply_air_flow_setpoint -> cooling_max_discharge_air_flow_setpoint
INCORRECT POINT (604_1_3013178) FOUND: occupied_cooling_max_supply_air_flow_setpoint -> cooling_max_discharge_air_flow_setpoint
INCORRECT POINT (604_1_3012531) FOUND: occupied_heating_temperature_setpoint -> occupied_cooling_temperature_setpoint
INCORRECT POINT (513_2_3015530) FOUND: max_supply_air_temperature_setpoint -> min_supply_air_temperature_setpoint
INCORRECT POINT (513_1_3006271) FOUND: occupied_cooling_max_supply_air_flow_setpoint -> cooling_max_discharge_air_flow_setpoint
INCORRECT POINT (604_1_3012929) FOUND: occupied_cooling_max_supply_air_flow_setpoint -> cooling_max_discharge_air_flow_setpoint
INCORRECT POINT (514_1_3006828) FOUND: average_zone_temperature_sensor -> zone_temperature_sensor
INCORRECT POINT (513_1_3005345) FOUND: occupied_cooling_max_supply_air_flow_setpoint -> cooling_max_discharge_air_flow_setpoint
INCORRECT POINT (604_1_3012852) FOUND: occupied_cooling_max_supply_air_flow_setpoint -> cooling_max_discharge_air_flow_setpoint
INCORRECT POINT (513_1_3004556) FOUND: heating_supply_air_temperature_proportional_band_setpoint -> cooling_discharge_air_temperature_proportional_band_setpoint
INCORRECT POINT (513_1_3004931) FOUND: occupied_cooling_max_supply_air_flow_setpoint -> cooling_max_discharge_air_flow_setpoint
INCORRECT POINT (604_1_3012494) FOUND: occupied_cooling_max_supply_air_flow_setpoint -> cooling_max_discharge_air_flow_setpoint
INCORRECT POINT (514_1_3006621) FOUND: occupied_cooling_max_supply_air_flow_setpoint -> cooling_max_discharge_air_flow_setpoint
INCORRECT POINT (604_1_3013242) FOUND: average_exhaust_air_pressure_setpoint -> exhaust_air_static_pressure_sensor
INCORRECT POINT (604_1_3012456) FOUND: occupied_heating_temperature_setpoint -> occupied_cooling_temperature_setpoint
INCORRECT POINT (513_2_3016876) FOUND: supply_air_static_pressure_setpoint -> min_supply_air_temperature_setpoint
INCORRECT POINT (513_1_3004747) FOUND: occupied_cooling_max_supply_air_flow_setpoint -> cooling_max_discharge_air_flow_setpoint
INCORRECT POINT (513_1_3005926) FOUND: occupied_cooling_max_supply_air_flow_setpoint -> cooling_max_discharge_air_flow_setpoint
INCORRECT POINT (604_0_3013305) FOUND: motor_speed_sensor -> vfd_speed_command
INCORRECT POINT (513_1_3005161) FOUND: occupied_cooling_max_supply_air_flow_setpoint -> cooling_max_discharge_air_flow_setpoint
INCORRECT POINT (513_1_3005092) FOUND: occupied_cooling_max_supply_air_flow_setpoint -> cooling_max_discharge_air_flow_setpoint
INCORRECT POINT (604_1_3012479) FOUND: occupied_cooling_max_supply_air_flow_setpoint -> cooling_max_discharge_air_flow_setpoint
INCORRECT POINT (514_1_3006383) FOUND: average_exhaust_air_pressure_setpoint -> exhaust_air_static_pressure_sensor
INCORRECT POINT (513_1_3006018) FOUND: occupied_cooling_max_supply_air_flow_setpoint -> cooling_max_discharge_air_flow_setpoint
INCORRECT POINT (513_1_3006340) FOUND: occupied_cooling_max_supply_air_flow_setpoint -> cooling_max_discharge_air_flow_setpoint
INCORRECT POINT (513_1_3006409) FOUND: occupied_cooling_max_supply_air_flow_setpoint -> cooling_max_discharge_air_flow_setpoint
INCORRECT POINT (604_1_3012867) FOUND: occupied_cooling_max_supply_air_flow_setpoint -> cooling_max_discharge_air_flow_setpoint
INCORRECT POINT (604_3_3013695) FOUND: alarm -> temperature_sensor
INCORRECT POINT (513_1_3005322) FOUND: occupied_cooling_max_supply_air_flow_setpoint -> cooling_max_discharge_air_flow_setpoint
INCORRECT POINT (604_1_3013193) FOUND: occupied_cooling_max_supply_air_flow_setpoint -> cooling_max_discharge_air_flow_setpoint
INCORRECT POINT (604_0_3013690) FOUND: capacity_sensor -> temperature_sensor
INCORRECT POINT (514_1_3006548) FOUND: occupied_cooling_max_supply_air_flow_setpoint -> cooling_max_discharge_air_flow_setpoint2017-06-05 18:12:01,318 # of not detected tagsets: [130, 125, 120]
2017-06-05 18:12:01,318 # of learnt but not detected tagsets: [43, 50, 62]
2017-06-05 18:12:01,344 # total found tagsets in todo: 34
2017-06-05 18:12:01,345 # unfound tagsets: 120
2017-06-05 18:12:01,345 # todo tagsets accounting unfound tagsets: 30
2017-06-05 18:12:01,345 Ratio of correctly found todo srcids: 1.0
2017-06-05 18:12:01,848 Entity Recognition Get Started.
2017-06-05 18:12:06,192 Start adding Brick samples
2017-06-05 18:12:06,356 Finished adding Brick samples
2017-06-05 18:12:06,356 start tagset vectorizing
2017-06-05 18:12:06,377 finished tagset vectorizing
2017-06-05 18:12:11,108 Start learning multi-label classifier
2017-06-05 18:15:40,174 Finished learning multi-label classifier
2017-06-05 18:15:40,184 Start prediction
2017-06-05 18:15:40,195 Start Tagset prediction
2017-06-05 18:16:01,655 Finished Tagset prediction
2017-06-05 18:16:01,657 Start point prediction
2017-06-05 18:16:01,657 Finished point prediction
2017-06-05 18:16:01,773 Finished prediction
2017-06-05 18:16:01,774 Start prediction
2017-06-05 18:16:01,788 Start Tagset prediction
2017-06-05 18:16:13,153 Finished Tagset prediction
2017-06-05 18:16:13,153 Start point prediction
2017-06-05 18:16:13,154 Finished point prediction
2017-06-05 18:16:13,190 Finished prediction
/home/jbkoh/anaconda3/lib/python3.6/site-packages/sklearn/metrics/classification.py:1113: UndefinedMetricWarning: Precision and F-score are ill-defined and being set to 0.0 in labels with no predicted samples.
  'precision', 'predicted', average, warn_for)
/home/jbkoh/anaconda3/lib/python3.6/site-packages/sklearn/metrics/classification.py:1115: UndefinedMetricWarning: Recall and F-score are ill-defined and being set to 0.0 in labels with no true samples.
  'recall', 'true', average, warn_for)
2017-06-05 18:16:14,328 Start prediction
2017-06-05 18:16:14,342 Start Tagset prediction
2017-06-05 18:16:30,631 Finished Tagset prediction
2017-06-05 18:16:30,632 Start point prediction
2017-06-05 18:16:30,632 Finished point prediction
2017-06-05 18:16:30,722 Finished prediction

INCORRECT POINT (604_1_3013253) FOUND: average_exhaust_air_pressure_setpoint -> exhaust_air_static_pressure_sensor
INCORRECT POINT (513_1_3005673) FOUND: occupied_cooling_max_supply_air_flow_setpoint -> cooling_max_discharge_air_flow_setpoint
INCORRECT POINT (514_1_3007022) FOUND: occupied_cooling_max_supply_air_flow_setpoint -> cooling_max_discharge_air_flow_setpoint
INCORRECT POINT (604_1_3013051) FOUND: occupied_cooling_max_supply_air_flow_setpoint -> cooling_max_discharge_air_flow_setpoint
INCORRECT POINT (514_1_3006951) FOUND: average_zone_temperature_sensor -> zone_temperature_sensor
INCORRECT POINT (513_1_3005276) FOUND: occupied_cooling_max_supply_air_flow_setpoint -> cooling_max_discharge_air_flow_setpoint
INCORRECT POINT (604_0_3013689) FOUND: humidity_sensor -> temperature_sensor
INCORRECT POINT (513_1_3004616) FOUND: heating_supply_air_temperature_proportional_band_setpoint -> cooling_discharge_air_temperature_proportional_band_setpoint
INCORRECT POINT (604_0_3013703) FOUND: capacity_sensor -> temperature_sensor
INCORRECT POINT (513_0_3004588) FOUND: supply_air_static_pressure_sensor -> supply_air_static_pressure_setpoint
------------------------------------result---------------
point precision: 0.8763796909492274
point recall: 0.40468909276248727
rate points not found in source               among sensors where point is not found: 
	0.0
sensors where a point is not found:  0.7978142076502732 584
sensors where incorrect points are found:  0.07650273224043716 56
unknown reason:  0.06830601092896176 50
invalid points:  42
-----------
{'accuracy': 0.8465179398914331,
 'hamming_loss': 0.0011656972432404966,
 'hierarchy_accuracy': 0.8468719199140878,
 'macro_f1': 0.2939715246436253,
 'micro_f1': 0.91612348685624245,
 'point_correct_cnt': 397,
 'point_incorrect_cnt': 56,
 'point_precision': 0.8763796909492274,
 'point_recall': 0.40468909276248727,
 'precision': 0.3215940685820204,
 'subset_accuracy': 0.3215940685820204,
 'unfound_point_cnt': 584,
 'weighted_f1': 0.87420298735113977}
################################# Iter# 3
history of point precision: [0.7768817204301075, 0.9108108108108108, 0.8763796909492274]
history of point recall: [0.3058201058201058, 0.3376753507014028, 0.40468909276248727]
history of correct point cnt: [289, 337, 397]
history of incorrect point cnt: [83, 33, 56]
history of unfound point cnt: [656, 661, 584]
history of accuracy: [0.756387822351681, 0.854248495814764, 0.8465179398914331]
history of micro f1: [0.094018355593671443, 0.21622362914898177, 0.2939715246436253]


################ Iteration 4 ################
Training Time: 0:03:34.365564
avg prec: 0.9464448846924212
avg rec: 0.9428871104605863
avg f1: 0.9436121958977192
------------------------------------result---------------
point precision: 1.0
point recall: 1.0
sensors where a point is not found:  0.0 0
sensors where incorrect points are found:  0.0 0
unknown reason:  0.6307692307692307 41
invalid points:  24
-----------
{'accuracy': 0.9505627705627709,
 'hamming_loss': 0.00029573004868386197,
 'hierarchy_accuracy': 0.9505627705627709,
 'macro_f1': 0.88801536944816595,
 'micro_f1': 0.97754237288135593,
 'point_correct_cnt': 361,
 'point_incorrect_cnt': 0,
 'point_precision': 1.0,
 'point_recall': 1.0,
 'precision': 0.8311688311688312,
 'subset_accuracy': 0.8311688311688312,
 'unfound_point_cnt': 0,
 'weighted_f1': 0.97645418265892425}
avg prec: [ 0.99079677  0.46655543]
avg rec: [ 0.9988612   0.35461933]
avg f1: [ 0.99436176  0.38083089]
INCORRECT POINT (513_0_3004588) FOUND: supply_air_static_pressure_sensor -> supply_air_static_pressure_setpoint
INCORRECT POINT (513_1_3005276) FOUND: occupied_cooling_max_supply_air_flow_setpoint -> cooling_max_discharge_air_flow_setpoint
INCORRECT POINT (604_1_3012494) FOUND: occupied_cooling_max_supply_air_flow_setpoint -> cooling_max_discharge_air_flow_setpoint
INCORRECT POINT (514_1_3006548) FOUND: occupied_cooling_max_supply_air_flow_setpoint -> cooling_max_discharge_air_flow_setpoint
INCORRECT POINT (513_1_3005184) FOUND: occupied_cooling_max_supply_air_flow_setpoint -> cooling_max_discharge_air_flow_setpoint
INCORRECT POINT (604_1_3012867) FOUND: occupied_cooling_max_supply_air_flow_setpoint -> cooling_max_discharge_air_flow_setpoint
INCORRECT POINT (514_1_3006621) FOUND: occupied_cooling_max_supply_air_flow_setpoint -> cooling_max_discharge_air_flow_setpoint
INCORRECT POINT (513_1_3004931) FOUND: occupied_cooling_max_supply_air_flow_setpoint -> cooling_max_discharge_air_flow_setpoint
INCORRECT POINT (513_1_3005650) FOUND: occupied_cooling_max_supply_air_flow_setpoint -> cooling_max_discharge_air_flow_setpoint
INCORRECT POINT (604_0_3013305) FOUND: motor_speed_sensor -> vfd_speed_command
INCORRECT POINT (513_1_3006133) FOUND: occupied_cooling_max_supply_air_flow_setpoint -> cooling_max_discharge_air_flow_setpoint
INCORRECT POINT (513_1_3004556) FOUND: heating_supply_air_temperature_proportional_band_setpoint -> cooling_discharge_air_temperature_proportional_band_setpoint
INCORRECT POINT (604_1_3012929) FOUND: occupied_cooling_max_supply_air_flow_setpoint -> cooling_max_discharge_air_flow_setpoint
INCORRECT POINT (604_1_3013193) FOUND: occupied_cooling_max_supply_air_flow_setpoint -> cooling_max_discharge_air_flow_setpoint
INCORRECT POINT (514_1_3006713) FOUND: occupied_cooling_max_supply_air_flow_setpoint -> cooling_max_discharge_air_flow_setpoint
INCORRECT POINT (513_1_3006409) FOUND: occupied_cooling_max_supply_air_flow_setpoint -> cooling_max_discharge_air_flow_setpoint
INCORRECT POINT (604_1_3012944) FOUND: occupied_cooling_max_supply_air_flow_setpoint -> cooling_max_discharge_air_flow_setpoint
INCORRECT POINT (513_1_3004616) FOUND: heating_supply_air_temperature_proportional_band_setpoint -> cooling_discharge_air_temperature_proportional_band_setpoint
INCORRECT POINT (513_2_3015660) FOUND: max_supply_air_temperature_setpoint -> min_supply_air_temperature_setpoint
INCORRECT POINT (514_14_3009021) FOUND: occupancy_command -> occupied_command
INCORRECT POINT (513_1_3006018) FOUND: occupied_cooling_max_supply_air_flow_setpoint -> cooling_max_discharge_air_flow_setpoint
INCORRECT POINT (513_1_3005673) FOUND: occupied_cooling_max_supply_air_flow_setpoint -> cooling_max_discharge_air_flow_setpoint
INCORRECT POINT (604_1_3012456) FOUND: occupied_heating_temperature_setpoint -> occupied_cooling_temperature_setpoint
INCORRECT POINT (513_1_3005322) FOUND: occupied_cooling_max_supply_air_flow_setpoint -> cooling_max_discharge_air_flow_setpoint
INCORRECT POINT (604_1_3013021) FOUND: occupied_cooling_max_supply_air_flow_setpoint -> cooling_max_discharge_air_flow_setpoint
INCORRECT POINT (604_1_3013051) FOUND: occupied_cooling_max_supply_air_flow_setpoint -> cooling_max_discharge_air_flow_setpoint
INCORRECT POINT (604_1_3012531) FOUND: occupied_heating_temperature_setpoint -> occupied_cooling_temperature_setpoint
INCORRECT POINT (513_1_3004747) FOUND: occupied_cooling_max_supply_air_flow_setpoint -> cooling_max_discharge_air_flow_setpoint
INCORRECT POINT (514_1_3006830) FOUND: occupied_cooling_max_supply_air_flow_setpoint -> cooling_max_discharge_air_flow_setpoint
INCORRECT POINT (513_2_3015530) FOUND: max_supply_air_temperature_setpoint -> min_supply_air_temperature_setpoint
INCORRECT POINT (513_1_3005811) FOUND: occupied_cooling_max_supply_air_flow_setpoint -> cooling_max_discharge_air_flow_setpoint
INCORRECT POINT (604_1_3013178) FOUND: occupied_cooling_max_supply_air_flow_setpoint -> cooling_max_discharge_air_flow_setpoint
INCORRECT POINT (513_1_3006271) FOUND: occupied_cooling_max_supply_air_flow_setpoint -> cooling_max_discharge_air_flow_setpoint
INCORRECT POINT (513_1_3005092) FOUND: occupied_cooling_max_supply_air_flow_setpoint -> cooling_max_discharge_air_flow_setpoint
INCORRECT POINT (513_1_3006340) FOUND: occupied_cooling_max_supply_air_flow_setpoint -> cooling_max_discharge_air_flow_setpoint
INCORRECT POINT (513_1_3005857) FOUND: occupied_cooling_max_supply_air_flow_setpoint -> cooling_max_discharge_air_flow_setpoint
INCORRECT POINT (514_1_3007022) FOUND: occupied_cooling_max_supply_air_flow_setpoint -> cooling_max_discharge_air_flow_setpoint
INCORRECT POINT (604_1_3012479) FOUND: occupied_cooling_max_supply_air_flow_setpoint -> cooling_max_discharge_air_flow_setpoint2017-06-05 18:16:31,052 # of not detected tagsets: [130, 125, 120, 105]
2017-06-05 18:16:31,052 # of learnt but not detected tagsets: [43, 50, 62, 57]
2017-06-05 18:16:31,073 # total found tagsets in todo: 35
2017-06-05 18:16:31,073 # unfound tagsets: 105
2017-06-05 18:16:31,073 # todo tagsets accounting unfound tagsets: 29
2017-06-05 18:16:31,073 Ratio of correctly found todo srcids: 1.0
2017-06-05 18:16:31,538 Entity Recognition Get Started.
2017-06-05 18:16:34,813 Start adding Brick samples
2017-06-05 18:16:34,952 Finished adding Brick samples
2017-06-05 18:16:34,952 start tagset vectorizing
2017-06-05 18:16:34,967 finished tagset vectorizing
2017-06-05 18:16:38,769 Start learning multi-label classifier
2017-06-05 18:19:52,523 Finished learning multi-label classifier
2017-06-05 18:19:52,597 Start prediction
2017-06-05 18:19:52,630 Start Tagset prediction
2017-06-05 18:20:14,684 Finished Tagset prediction
2017-06-05 18:20:14,685 Start point prediction
2017-06-05 18:20:14,685 Finished point prediction
2017-06-05 18:20:14,823 Finished prediction
2017-06-05 18:20:14,824 Start prediction
2017-06-05 18:20:14,855 Start Tagset prediction
2017-06-05 18:20:28,255 Finished Tagset prediction
2017-06-05 18:20:28,255 Start point prediction
2017-06-05 18:20:28,255 Finished point prediction
2017-06-05 18:20:28,301 Finished prediction
/home/jbkoh/anaconda3/lib/python3.6/site-packages/sklearn/metrics/classification.py:1113: UndefinedMetricWarning: Precision and F-score are ill-defined and being set to 0.0 in labels with no predicted samples.
  'precision', 'predicted', average, warn_for)
/home/jbkoh/anaconda3/lib/python3.6/site-packages/sklearn/metrics/classification.py:1115: UndefinedMetricWarning: Recall and F-score are ill-defined and being set to 0.0 in labels with no true samples.
  'recall', 'true', average, warn_for)
2017-06-05 18:20:36,315 Start prediction
2017-06-05 18:20:36,352 Start Tagset prediction
2017-06-05 18:21:03,024 Finished Tagset prediction
2017-06-05 18:21:03,026 Start point prediction
2017-06-05 18:21:03,026 Finished point prediction
2017-06-05 18:21:03,174 Finished prediction
2017-06-05 18:21:03,729 # of not detected tagsets: [130, 125, 120, 105, 94]
2017-06-05 18:21:03,729 # of learnt but not detected tagsets: [43, 50, 62, 57, 52]
2017-06-05 18:21:03,770 # total found tagsets in todo: 31
2017-06-05 18:21:03,771 # unfound tagsets: 94
2017-06-05 18:21:03,771 # todo tagsets accounting unfound tagsets: 24
2017-06-05 18:21:03,771 Ratio of correctly found todo srcids: 1.0
2017-06-05 18:21:04,594 Entity Recognition Get Started.
2017-06-05 18:21:09,638 Start adding Brick samples
2017-06-05 18:21:09,862 Finished adding Brick samples
2017-06-05 18:21:09,862 start tagset vectorizing
2017-06-05 18:21:09,885 finished tagset vectorizing
2017-06-05 18:21:16,595 Start learning multi-label classifier
2017-06-05 18:24:28,235 Finished learning multi-label classifier
2017-06-05 18:24:28,243 Start prediction
2017-06-05 18:24:28,250 Start Tagset prediction
2017-06-05 18:24:43,358 Finished Tagset prediction
2017-06-05 18:24:43,370 Start point prediction
2017-06-05 18:24:43,370 Finished point prediction
2017-06-05 18:24:43,524 Finished prediction
2017-06-05 18:24:43,527 Start prediction
2017-06-05 18:24:43,559 Start Tagset prediction
2017-06-05 18:24:57,622 Finished Tagset prediction
2017-06-05 18:24:57,623 Start point prediction
2017-06-05 18:24:57,623 Finished point prediction
2017-06-05 18:24:57,669 Finished prediction
/home/jbkoh/anaconda3/lib/python3.6/site-packages/sklearn/metrics/classification.py:1113: UndefinedMetricWarning: Precision and F-score are ill-defined and being set to 0.0 in labels with no predicted samples.
  'precision', 'predicted', average, warn_for)
/home/jbkoh/anaconda3/lib/python3.6/site-packages/sklearn/metrics/classification.py:1115: UndefinedMetricWarning: Recall and F-score are ill-defined and being set to 0.0 in labels with no true samples.
  'recall', 'true', average, warn_for)
2017-06-05 18:24:58,583 Start prediction
2017-06-05 18:24:58,603 Start Tagset prediction
2017-06-05 18:25:20,725 Finished Tagset prediction
2017-06-05 18:25:20,726 Start point prediction
2017-06-05 18:25:20,726 Finished point prediction
2017-06-05 18:25:20,858 Finished prediction

INCORRECT POINT (604_1_3012852) FOUND: occupied_cooling_max_supply_air_flow_setpoint -> cooling_max_discharge_air_flow_setpoint
INCORRECT POINT (513_1_3005926) FOUND: occupied_cooling_max_supply_air_flow_setpoint -> cooling_max_discharge_air_flow_setpoint
INCORRECT POINT (513_1_3005161) FOUND: occupied_cooling_max_supply_air_flow_setpoint -> cooling_max_discharge_air_flow_setpoint
INCORRECT POINT (514_2_3010564) FOUND: min_supply_air_temperature_setpoint -> max_supply_air_temperature_setpoint
INCORRECT POINT (513_1_3005345) FOUND: occupied_cooling_max_supply_air_flow_setpoint -> cooling_max_discharge_air_flow_setpoint
INCORRECT POINT (514_1_3007539) FOUND: exhaust_air_static_pressure_dead_band_setpoint -> exhaust_air_static_pressure_proportional_band_setpoint
------------------------------------result---------------
point precision: 0.9316770186335404
point recall: 0.6072874493927125
rate points not found in source               among sensors where point is not found: 
	0.0
sensors where a point is not found:  0.5765230312035661 388
sensors where incorrect points are found:  0.06537890044576523 44
unknown reason:  0.28826151560178304 194
invalid points:  47
-----------
{'accuracy': 0.859092781381938,
 'hamming_loss': 0.0010890459300641356,
 'hierarchy_accuracy': 0.859092781381938,
 'macro_f1': 0.38083088857608816,
 'micro_f1': 0.92310936182175984,
 'point_correct_cnt': 600,
 'point_incorrect_cnt': 44,
 'point_precision': 0.9316770186335404,
 'point_recall': 0.6072874493927125,
 'precision': 0.376274328081557,
 'subset_accuracy': 0.376274328081557,
 'unfound_point_cnt': 388,
 'weighted_f1': 0.89393808486720205}
################################# Iter# 4
history of point precision: [0.7768817204301075, 0.9108108108108108, 0.8763796909492274, 0.9316770186335404]
history of point recall: [0.3058201058201058, 0.3376753507014028, 0.40468909276248727, 0.6072874493927125]
history of correct point cnt: [289, 337, 397, 600]
history of incorrect point cnt: [83, 33, 56, 44]
history of unfound point cnt: [656, 661, 584, 388]
history of accuracy: [0.756387822351681, 0.854248495814764, 0.8465179398914331, 0.859092781381938]
history of micro f1: [0.094018355593671443, 0.21622362914898177, 0.2939715246436253, 0.38083088857608816]


################ Iteration 5 ################
Training Time: 0:03:18.026334
avg prec: 0.9483071014029434
avg rec: 0.9454161326071439
avg f1: 0.9460293129788808
------------------------------------result---------------
point precision: 1.0
point recall: 1.0
sensors where a point is not found:  0.0 0
sensors where incorrect points are found:  0.0 0
unknown reason:  0.7454545454545455 41
invalid points:  14
-----------
{'accuracy': 0.966538255751739,
 'hamming_loss': 0.00023171894423056045,
 'hierarchy_accuracy': 0.966538255751739,
 'macro_f1': 0.89265419265419266,
 'micro_f1': 0.98270893371757928,
 'point_correct_cnt': 431,
 'point_incorrect_cnt': 0,
 'point_precision': 1.0,
 'point_recall': 1.0,
 'precision': 0.8764044943820225,
 'subset_accuracy': 0.8764044943820225,
 'unfound_point_cnt': 0,
 'weighted_f1': 0.98283073974773583}
avg prec: [ 0.99545391  0.5181471 ]
avg rec: [ 0.99903721  0.43290925]
avg f1: [ 0.99714582  0.45237092]
INCORRECT POINT (514_1_3006951) FOUND: average_zone_temperature_sensor -> zone_temperature_sensor
INCORRECT POINT (604_1_3012456) FOUND: occupied_heating_temperature_setpoint -> occupied_cooling_temperature_setpoint
INCORRECT POINT (513_19_3019207) FOUND: load_shed_command -> zone_unoccupied_load_shed_command
INCORRECT POINT (604_1_3012531) FOUND: occupied_heating_temperature_setpoint -> occupied_cooling_temperature_setpoint
INCORRECT POINT (604_0_3012532) FOUND: supply_air_flow_sensor -> supply_air_flow_setpoint
INCORRECT POINT (513_0_3004989) FOUND: supply_air_flow_sensor -> supply_air_flow_setpoint
INCORRECT POINT (513_0_3004588) FOUND: supply_air_static_pressure_sensor -> supply_air_static_pressure_setpoint
INCORRECT POINT (514_1_3009067) FOUND: occupied_heating_min_supply_air_flow_setpoint -> occupied_heating_temperature_setpoint
INCORRECT POINT (513_2_3015660) FOUND: max_supply_air_temperature_setpoint -> min_supply_air_temperature_setpoint
INCORRECT POINT (513_0_3006223) FOUND: effective_heating_temperature_setpoint -> effective_cooling_temperature_setpoint
INCORRECT POINT (513_1_3004556) FOUND: heating_supply_air_temperature_proportional_band_setpoint -> cooling_discharge_air_temperature_proportional_band_setpoint
INCORRECT POINT (514_1_3006828) FOUND: average_zone_temperature_sensor -> zone_temperature_sensor
INCORRECT POINT (513_2_3015530) FOUND: max_supply_air_temperature_setpoint -> min_supply_air_temperature_setpoint
INCORRECT POINT (514_14_3009021) FOUND: occupancy_command -> occupied_command
INCORRECT POINT (604_1_3012526) FOUND: occupied_heating_max_supply_air_flow_setpoint -> occupied_cooling_max_supply_air_flow_setpoint
INCORRECT POINT (513_0_3006108) FOUND: effective_heating_temperature_setpoint -> effective_cooling_temperature_setpoint
INCORRECT POINT (513_1_3004616) FOUND: heating_supply_air_temperature_proportional_band_setpoint -> cooling_discharge_air_temperature_proportional_band_setpoint
INCORRECT POINT (604_0_3013305) FOUND: motor_speed_sensor -> vfd_speed_command
INCORRECT POINT (514_2_3010564) FOUND: min_supply_air_temperature_setpoint -> max_supply_air_temperature_setpoint
------------------------------------result---------------
point precision: 0.9758269720101781
point recall: 0.7504892367906066
rate points not found in source               among sensors where point is not found: 
	0.0
sensors where a point is not found:  0.5472103004291845 255
sensors where incorrect points are found:  0.0407725321888412 19
unknown reason:  0.33047210300429186 154
invalid points:  38
-----------
{'accuracy': 0.9137193462494689,
 'hamming_loss': 0.0006709478581930779,
 'hierarchy_accuracy': 0.9142818526854695,
 'macro_f1': 0.45237091518218492,
 'micro_f1': 0.95381030701754377,
 'point_correct_cnt': 767,
 'point_incorrect_cnt': 19,
 'point_precision': 0.9758269720101781,
 'point_recall': 0.7504892367906066,
 'precision': 0.5681186283595923,
 'subset_accuracy': 0.5681186283595923,
 'unfound_point_cnt': 255,
 'weighted_f1': 0.93745750551321261}
################################# Iter# 5
history of point precision: [0.7768817204301075, 0.9108108108108108, 0.8763796909492274, 0.9316770186335404, 0.9758269720101781]
history of point recall: [0.3058201058201058, 0.3376753507014028, 0.40468909276248727, 0.6072874493927125, 0.7504892367906066]
history of correct point cnt: [289, 337, 397, 600, 767]
history of incorrect point cnt: [83, 33, 56, 44, 19]
history of unfound point cnt: [656, 661, 584, 388, 255]
history of accuracy: [0.756387822351681, 0.854248495814764, 0.8465179398914331, 0.859092781381938, 0.9137193462494689]
history of micro f1: [0.094018355593671443, 0.21622362914898177, 0.2939715246436253, 0.38083088857608816, 0.45237091518218492]


################ Iteration 6 ################
Training Time: 0:03:19.033132
avg prec: 0.9452148132704629
avg rec: 0.9418604575906464
avg f1: 0.9425522348022287
------------------------------------result---------------
point precision: 1.0
point recall: 1.0
sensors where a point is not found:  0.0 0
sensors where incorrect points are found:  0.0 0
unknown reason:  0.6438356164383562 47
invalid points:  26
-----------
{'accuracy': 0.955697784064121,
 'hamming_loss': 0.0002552349756995035,
 'hierarchy_accuracy': 0.955697784064121,
 'macro_f1': 0.88573358132943614,
 'micro_f1': 0.98103066708820741,
 'point_correct_cnt': 479,
 'point_incorrect_cnt': 0,
 'point_precision': 1.0,
 'point_recall': 1.0,
 'precision': 0.8554455445544554,
 'subset_accuracy': 0.8554455445544554,
 'unfound_point_cnt': 0,
 'weighted_f1': 0.98006617472927293}
avg prec: [ 0.99792677  0.57888747]
avg rec: [ 0.99912759  0.49999796]
avg f1: [ 0.99850632  0.51912845]
INCORRECT POINT (513_2_3015530) FOUND: max_supply_air_temperature_setpoint -> min_supply_air_temperature_setpoint
INCORRECT POINT (514_1_3006372) FOUND: heat_exchanger_supply_water_temperature_dead_band_setpoint -> supply_water_temperature_dead_band_setpoint
INCORRECT POINT (513_1_3004616) FOUND: heating_supply_air_temperature_proportional_band_setpoint -> cooling_discharge_air_temperature_proportional_band_setpoint2017-06-05 18:25:21,293 # of not detected tagsets: [130, 125, 120, 105, 94, 84]
2017-06-05 18:25:21,293 # of learnt but not detected tagsets: [43, 50, 62, 57, 52, 49]
2017-06-05 18:25:21,381 # total found tagsets in todo: 36
2017-06-05 18:25:21,381 # unfound tagsets: 84
2017-06-05 18:25:21,381 # todo tagsets accounting unfound tagsets: 24
2017-06-05 18:25:21,381 Ratio of correctly found todo srcids: 1.0
2017-06-05 18:25:22,702 Entity Recognition Get Started.
2017-06-05 18:25:31,419 Start adding Brick samples
2017-06-05 18:25:31,618 Finished adding Brick samples
2017-06-05 18:25:31,618 start tagset vectorizing
2017-06-05 18:25:31,642 finished tagset vectorizing
2017-06-05 18:25:38,121 Start learning multi-label classifier
2017-06-05 18:29:44,795 Finished learning multi-label classifier
2017-06-05 18:29:44,881 Start prediction
2017-06-05 18:29:44,903 Start Tagset prediction
2017-06-05 18:30:12,711 Finished Tagset prediction
2017-06-05 18:30:12,717 Start point prediction
2017-06-05 18:30:12,717 Finished point prediction
2017-06-05 18:30:12,872 Finished prediction
2017-06-05 18:30:12,877 Start prediction
2017-06-05 18:30:12,935 Start Tagset prediction
2017-06-05 18:30:28,290 Finished Tagset prediction
2017-06-05 18:30:28,291 Start point prediction
2017-06-05 18:30:28,291 Finished point prediction
2017-06-05 18:30:28,367 Finished prediction
/home/jbkoh/anaconda3/lib/python3.6/site-packages/sklearn/metrics/classification.py:1113: UndefinedMetricWarning: Precision and F-score are ill-defined and being set to 0.0 in labels with no predicted samples.
  'precision', 'predicted', average, warn_for)
/home/jbkoh/anaconda3/lib/python3.6/site-packages/sklearn/metrics/classification.py:1115: UndefinedMetricWarning: Recall and F-score are ill-defined and being set to 0.0 in labels with no true samples.
  'recall', 'true', average, warn_for)
2017-06-05 18:30:34,051 Start prediction
2017-06-05 18:30:34,064 Start Tagset prediction
2017-06-05 18:30:49,847 Finished Tagset prediction
2017-06-05 18:30:49,847 Start point prediction
2017-06-05 18:30:49,847 Finished point prediction
2017-06-05 18:30:49,947 Finished prediction
2017-06-05 18:30:50,277 # of not detected tagsets: [130, 125, 120, 105, 94, 84, 76]
2017-06-05 18:30:50,278 # of learnt but not detected tagsets: [43, 50, 62, 57, 52, 49, 44]
2017-06-05 18:30:50,289 # total found tagsets in todo: 36
2017-06-05 18:30:50,289 # unfound tagsets: 76
2017-06-05 18:30:50,289 # todo tagsets accounting unfound tagsets: 26
2017-06-05 18:30:50,289 Ratio of correctly found todo srcids: 1.0
2017-06-05 18:30:50,803 Entity Recognition Get Started.
2017-06-05 18:30:54,074 Start adding Brick samples
2017-06-05 18:30:54,225 Finished adding Brick samples
2017-06-05 18:30:54,225 start tagset vectorizing
2017-06-05 18:30:54,241 finished tagset vectorizing
2017-06-05 18:30:58,752 Start learning multi-label classifier
2017-06-05 18:33:52,095 Finished learning multi-label classifier
2017-06-05 18:33:52,118 Start prediction
2017-06-05 18:33:52,131 Start Tagset prediction
2017-06-05 18:34:10,562 Finished Tagset prediction
2017-06-05 18:34:10,565 Start point prediction
2017-06-05 18:34:10,565 Finished point prediction
2017-06-05 18:34:10,706 Finished prediction
2017-06-05 18:34:10,707 Start prediction
2017-06-05 18:34:10,736 Start Tagset prediction
2017-06-05 18:34:24,085 Finished Tagset prediction
2017-06-05 18:34:24,085 Start point prediction
2017-06-05 18:34:24,085 Finished point prediction
2017-06-05 18:34:24,152 Finished prediction
/home/jbkoh/anaconda3/lib/python3.6/site-packages/sklearn/metrics/classification.py:1113: UndefinedMetricWarning: Precision and F-score are ill-defined and being set to 0.0 in labels with no predicted samples.
  'precision', 'predicted', average, warn_for)
/home/jbkoh/anaconda3/lib/python3.6/site-packages/sklearn/metrics/classification.py:1115: UndefinedMetricWarning: Recall and F-score are ill-defined and being set to 0.0 in labels with no true samples.
  'recall', 'true', average, warn_for)
2017-06-05 18:34:30,296 Start prediction
2017-06-05 18:34:30,321 Start Tagset prediction
2017-06-05 18:34:51,637 Finished Tagset prediction
2017-06-05 18:34:51,637 Start point prediction
2017-06-05 18:34:51,637 Finished point prediction
2017-06-05 18:34:51,730 Finished prediction

INCORRECT POINT (513_1_3004618) FOUND: dead_band_setpoint -> supply_water_temperature_dead_band_setpoint
INCORRECT POINT (513_0_3004588) FOUND: supply_air_static_pressure_sensor -> supply_air_static_pressure_setpoint
INCORRECT POINT (513_2_3015660) FOUND: max_supply_air_temperature_setpoint -> min_supply_air_temperature_setpoint
INCORRECT POINT (514_2_3010564) FOUND: min_supply_air_temperature_setpoint -> max_supply_air_temperature_setpoint
INCORRECT POINT (513_0_3004989) FOUND: supply_air_flow_sensor -> supply_air_flow_setpoint
INCORRECT POINT (514_1_3006951) FOUND: average_zone_temperature_sensor -> zone_temperature_sensor
INCORRECT POINT (514_14_3009021) FOUND: occupancy_command -> occupied_command
INCORRECT POINT (513_1_3004556) FOUND: heating_supply_air_temperature_proportional_band_setpoint -> cooling_discharge_air_temperature_proportional_band_setpoint
INCORRECT POINT (604_1_3012526) FOUND: occupied_heating_max_supply_air_flow_setpoint -> occupied_cooling_max_supply_air_flow_setpoint
INCORRECT POINT (513_0_3006223) FOUND: effective_heating_temperature_setpoint -> effective_cooling_temperature_setpoint
INCORRECT POINT (604_0_3012532) FOUND: supply_air_flow_sensor -> supply_air_flow_setpoint
INCORRECT POINT (513_0_3006108) FOUND: effective_heating_temperature_setpoint -> effective_cooling_temperature_setpoint
INCORRECT POINT (514_1_3006828) FOUND: average_zone_temperature_sensor -> zone_temperature_sensor
------------------------------------result---------------
point precision: 0.9825708061002179
point recall: 0.8623326959847036
rate points not found in source               among sensors where point is not found: 
	0.0
sensors where a point is not found:  0.4816053511705686 144
sensors where incorrect points are found:  0.05351170568561873 16
unknown reason:  0.4080267558528428 122
invalid points:  17
-----------
{'accuracy': 0.9384494020036196,
 'hamming_loss': 0.0004599078790581635,
 'hierarchy_accuracy': 0.9391954263942223,
 'macro_f1': 0.51912845475805691,
 'micro_f1': 0.96873731222086878,
 'point_correct_cnt': 902,
 'point_incorrect_cnt': 16,
 'point_precision': 0.9825708061002179,
 'point_recall': 0.8623326959847036,
 'precision': 0.7228915662650602,
 'subset_accuracy': 0.7228915662650602,
 'unfound_point_cnt': 144,
 'weighted_f1': 0.96050401346332448}
################################# Iter# 6
history of point precision: [0.7768817204301075, 0.9108108108108108, 0.8763796909492274, 0.9316770186335404, 0.9758269720101781, 0.9825708061002179]
history of point recall: [0.3058201058201058, 0.3376753507014028, 0.40468909276248727, 0.6072874493927125, 0.7504892367906066, 0.8623326959847036]
history of correct point cnt: [289, 337, 397, 600, 767, 902]
history of incorrect point cnt: [83, 33, 56, 44, 19, 16]
history of unfound point cnt: [656, 661, 584, 388, 255, 144]
history of accuracy: [0.756387822351681, 0.854248495814764, 0.8465179398914331, 0.859092781381938, 0.9137193462494689, 0.9384494020036196]
history of micro f1: [0.094018355593671443, 0.21622362914898177, 0.2939715246436253, 0.38083088857608816, 0.45237091518218492, 0.51912845475805691]


################ Iteration 7 ################
Training Time: 0:04:13.904589
avg prec: 0.9412509083481694
avg rec: 0.9379494692707422
avg f1: 0.9386349341369998
------------------------------------result---------------
point precision: 1.0
point recall: 1.0
sensors where a point is not found:  0.0 0
sensors where incorrect points are found:  0.0 0
unknown reason:  0.6829268292682927 56
invalid points:  26
-----------
{'accuracy': 0.9563295406658241,
 'hamming_loss': 0.00026234993298670205,
 'hierarchy_accuracy': 0.9563295406658241,
 'macro_f1': 0.87790142739381305,
 'micro_f1': 0.98064516129032253,
 'point_correct_cnt': 539,
 'point_incorrect_cnt': 0,
 'point_precision': 1.0,
 'point_recall': 1.0,
 'precision': 0.8548672566371681,
 'subset_accuracy': 0.8548672566371681,
 'unfound_point_cnt': 0,
 'weighted_f1': 0.97979043346567096}
avg prec: [ 0.9983786   0.60855865]
avg rec: [ 0.99902661  0.55539459]
avg f1: [ 0.99868262  0.56752106]
INCORRECT POINT (514_14_3009021) FOUND: occupancy_command -> occupied_command
INCORRECT POINT (514_1_3006372) FOUND: heat_exchanger_supply_water_temperature_dead_band_setpoint -> supply_water_temperature_dead_band_setpoint
INCORRECT POINT (513_19_3019207) FOUND: load_shed_command -> zone_unoccupied_load_shed_command
INCORRECT POINT (514_1_3009067) FOUND: occupied_heating_min_supply_air_flow_setpoint -> occupied_heating_temperature_setpoint
INCORRECT POINT (604_3_3013695) FOUND: alarm -> capacity_sensor
INCORRECT POINT (604_0_3013689) FOUND: humidity_sensor -> capacity_sensor
INCORRECT POINT (604_0_3012532) FOUND: supply_air_flow_sensor -> supply_air_flow_setpoint
INCORRECT POINT (514_1_3006828) FOUND: average_zone_temperature_sensor -> zone_temperature_sensor
INCORRECT POINT (514_2_3010564) FOUND: min_supply_air_temperature_setpoint -> max_supply_air_temperature_setpoint
INCORRECT POINT (513_0_3004989) FOUND: supply_air_flow_sensor -> supply_air_flow_setpoint
INCORRECT POINT (513_0_3004588) FOUND: supply_air_static_pressure_sensor -> supply_air_static_pressure_setpoint
INCORRECT POINT (513_1_3004618) FOUND: dead_band_setpoint -> supply_water_temperature_dead_band_setpoint
INCORRECT POINT (514_1_3006951) FOUND: average_zone_temperature_sensor -> zone_temperature_sensor
------------------------------------result---------------
point precision: 0.9869608826479438
point recall: 0.9389312977099237
rate points not found in source               among sensors where point is not found: 
	0.0
sensors where a point is not found:  0.2711864406779661 64
sensors where incorrect points are found:  0.05508474576271186 13
unknown reason:  0.597457627118644 141
invalid points:  18
-----------
{'accuracy': 0.9460637421480792,
 'hamming_loss': 0.00040814335587412723,
 'hierarchy_accuracy': 0.9470182929520277,
 'macro_f1': 0.56752106411334313,
 'micro_f1': 0.97241657696447792,
 'point_correct_cnt': 984,
 'point_incorrect_cnt': 13,
 'point_precision': 0.9869608826479438,
 'point_recall': 0.9389312977099237,
 'precision': 0.7812789620018535,
 'subset_accuracy': 0.7812789620018535,
 'unfound_point_cnt': 64,
 'weighted_f1': 0.96843376517793589}
################################# Iter# 7
history of point precision: [0.7768817204301075, 0.9108108108108108, 0.8763796909492274, 0.9316770186335404, 0.9758269720101781, 0.9825708061002179, 0.9869608826479438]
history of point recall: [0.3058201058201058, 0.3376753507014028, 0.40468909276248727, 0.6072874493927125, 0.7504892367906066, 0.8623326959847036, 0.9389312977099237]
history of correct point cnt: [289, 337, 397, 600, 767, 902, 984]
history of incorrect point cnt: [83, 33, 56, 44, 19, 16, 13]
history of unfound point cnt: [656, 661, 584, 388, 255, 144, 64]
history of accuracy: [0.756387822351681, 0.854248495814764, 0.8465179398914331, 0.859092781381938, 0.9137193462494689, 0.9384494020036196, 0.9460637421480792]
history of micro f1: [0.094018355593671443, 0.21622362914898177, 0.2939715246436253, 0.38083088857608816, 0.45237091518218492, 0.51912845475805691, 0.56752106411334313]


################ Iteration 8 ################
Training Time: 0:02:58.398004
avg prec: 0.9452636038857672
avg rec: 0.9420123450806619
avg f1: 0.9428391407392676
------------------------------------result---------------
point precision: 1.0
point recall: 1.0
sensors where a point is not found:  0.0 0
sensors where incorrect points are found:  0.0 0
unknown reason:  0.8 56
invalid points:  14
-----------
{'accuracy': 0.9698419047619045,
 'hamming_loss': 0.00021654135338345878,
 'hierarchy_accuracy': 0.9698419047619045,
 'macro_f1': 0.88618455252118622,
 'micro_f1': 0.98415492957746475,
 'point_correct_cnt': 611,
 'point_incorrect_cnt': 0,
 'point_precision': 1.0,
 'point_recall': 1.0,
 'precision': 0.888,
 'subset_accuracy': 0.888,
 'unfound_point_cnt': 0,
 'weighted_f1': 0.98436462413364256}
avg prec: [ 0.99731823  0.65311846]
avg rec: [ 0.99905295  0.62357579]
avg f1: [ 0.9980916   0.63147945]
INCORRECT POINT (604_0_3012532) FOUND: supply_air_flow_sensor -> supply_air_flow_setpoint
INCORRECT POINT (514_1_3006372) FOUND: heat_exchanger_supply_water_temperature_dead_band_setpoint -> supply_water_temperature_dead_band_setpoint2017-06-05 18:34:52,177 # of not detected tagsets: [130, 125, 120, 105, 94, 84, 76, 59]
2017-06-05 18:34:52,177 # of learnt but not detected tagsets: [43, 50, 62, 57, 52, 49, 44, 33]
2017-06-05 18:34:52,193 # total found tagsets in todo: 39
2017-06-05 18:34:52,193 # unfound tagsets: 59
2017-06-05 18:34:52,193 # todo tagsets accounting unfound tagsets: 28
2017-06-05 18:34:52,193 Ratio of correctly found todo srcids: 1.0
2017-06-05 18:34:53,106 Entity Recognition Get Started.
2017-06-05 18:34:57,696 Start adding Brick samples
2017-06-05 18:34:57,922 Finished adding Brick samples
2017-06-05 18:34:57,923 start tagset vectorizing
2017-06-05 18:34:57,951 finished tagset vectorizing
2017-06-05 18:35:03,940 Start learning multi-label classifier
2017-06-05 18:38:05,394 Finished learning multi-label classifier
2017-06-05 18:38:05,403 Start prediction
2017-06-05 18:38:05,414 Start Tagset prediction
2017-06-05 18:38:17,821 Finished Tagset prediction
2017-06-05 18:38:17,821 Start point prediction
2017-06-05 18:38:17,821 Finished point prediction
2017-06-05 18:38:17,898 Finished prediction
2017-06-05 18:38:17,898 Start prediction
2017-06-05 18:38:17,912 Start Tagset prediction
2017-06-05 18:38:28,299 Finished Tagset prediction
2017-06-05 18:38:28,300 Start point prediction
2017-06-05 18:38:28,300 Finished point prediction
2017-06-05 18:38:28,357 Finished prediction
/home/jbkoh/anaconda3/lib/python3.6/site-packages/sklearn/metrics/classification.py:1113: UndefinedMetricWarning: Precision and F-score are ill-defined and being set to 0.0 in labels with no predicted samples.
  'precision', 'predicted', average, warn_for)
/home/jbkoh/anaconda3/lib/python3.6/site-packages/sklearn/metrics/classification.py:1115: UndefinedMetricWarning: Recall and F-score are ill-defined and being set to 0.0 in labels with no true samples.
  'recall', 'true', average, warn_for)
2017-06-05 18:38:30,341 Start prediction
2017-06-05 18:38:30,354 Start Tagset prediction
2017-06-05 18:39:02,046 Finished Tagset prediction
2017-06-05 18:39:02,054 Start point prediction
2017-06-05 18:39:02,054 Finished point prediction
2017-06-05 18:39:02,241 Finished prediction
2017-06-05 18:39:02,889 # of not detected tagsets: [130, 125, 120, 105, 94, 84, 76, 59, 39]
2017-06-05 18:39:02,889 # of learnt but not detected tagsets: [43, 50, 62, 57, 52, 49, 44, 33, 24]
2017-06-05 18:39:02,972 # total found tagsets in todo: 33
2017-06-05 18:39:02,972 # unfound tagsets: 39
2017-06-05 18:39:02,972 # todo tagsets accounting unfound tagsets: 21
2017-06-05 18:39:02,972 Ratio of correctly found todo srcids: 1.0
2017-06-05 18:39:04,331 Entity Recognition Get Started.
2017-06-05 18:39:14,179 Start adding Brick samples
2017-06-05 18:39:14,417 Finished adding Brick samples
2017-06-05 18:39:14,418 start tagset vectorizing
2017-06-05 18:39:14,448 finished tagset vectorizing
2017-06-05 18:39:20,501 Start learning multi-label classifier
2017-06-05 18:42:45,955 Finished learning multi-label classifier
2017-06-05 18:42:46,208 Start prediction
2017-06-05 18:42:46,239 Start Tagset prediction
2017-06-05 18:43:05,381 Finished Tagset prediction
2017-06-05 18:43:05,382 Start point prediction
2017-06-05 18:43:05,383 Finished point prediction
2017-06-05 18:43:05,516 Finished prediction
2017-06-05 18:43:05,517 Start prediction
2017-06-05 18:43:05,560 Start Tagset prediction
2017-06-05 18:43:20,527 Finished Tagset prediction
2017-06-05 18:43:20,528 Start point prediction
2017-06-05 18:43:20,528 Finished point prediction
2017-06-05 18:43:20,605 Finished prediction
/home/jbkoh/anaconda3/lib/python3.6/site-packages/sklearn/metrics/classification.py:1113: UndefinedMetricWarning: Precision and F-score are ill-defined and being set to 0.0 in labels with no predicted samples.
  'precision', 'predicted', average, warn_for)
/home/jbkoh/anaconda3/lib/python3.6/site-packages/sklearn/metrics/classification.py:1115: UndefinedMetricWarning: Recall and F-score are ill-defined and being set to 0.0 in labels with no true samples.
  'recall', 'true', average, warn_for)
2017-06-05 18:43:27,556 Start prediction
2017-06-05 18:43:27,582 Start Tagset prediction
2017-06-05 18:43:46,878 Finished Tagset prediction
2017-06-05 18:43:46,879 Start point prediction
2017-06-05 18:43:46,879 Finished point prediction
2017-06-05 18:43:47,038 Finished prediction

INCORRECT POINT (514_1_3009067) FOUND: occupied_heating_min_supply_air_flow_setpoint -> occupied_heating_temperature_setpoint
INCORRECT POINT (514_14_3009021) FOUND: occupancy_command -> occupied_command
INCORRECT POINT (514_2_3010564) FOUND: min_supply_air_temperature_setpoint -> max_supply_air_temperature_setpoint
INCORRECT POINT (513_1_3004618) FOUND: dead_band_setpoint -> supply_water_temperature_dead_band_setpoint
INCORRECT POINT (513_0_3004989) FOUND: supply_air_flow_sensor -> supply_air_flow_setpoint
INCORRECT POINT (604_3_3013695) FOUND: alarm -> capacity_sensor
INCORRECT POINT (604_0_3013689) FOUND: humidity_sensor -> capacity_sensor
INCORRECT POINT (513_0_3004588) FOUND: supply_air_static_pressure_sensor -> supply_air_static_pressure_setpoint
------------------------------------result---------------
point precision: 0.9903100775193798
point recall: 0.9659735349716446
rate points not found in source               among sensors where point is not found: 
	0.0
sensors where a point is not found:  0.18 36
sensors where incorrect points are found:  0.05 10
unknown reason:  0.715 143
invalid points:  11
-----------
{'accuracy': 0.9512496873942656,
 'hamming_loss': 0.0003822610942821098,
 'hierarchy_accuracy': 0.9516417317622138,
 'macro_f1': 0.6314794515347395,
 'micro_f1': 0.97419701653003632,
 'point_correct_cnt': 1022,
 'point_incorrect_cnt': 10,
 'point_precision': 0.9903100775193798,
 'point_recall': 0.9659735349716446,
 'precision': 0.8146431881371641,
 'subset_accuracy': 0.8146431881371641,
 'unfound_point_cnt': 36,
 'weighted_f1': 0.97148741674576899}
################################# Iter# 8
history of point precision: [0.7768817204301075, 0.9108108108108108, 0.8763796909492274, 0.9316770186335404, 0.9758269720101781, 0.9825708061002179, 0.9869608826479438, 0.9903100775193798]
history of point recall: [0.3058201058201058, 0.3376753507014028, 0.40468909276248727, 0.6072874493927125, 0.7504892367906066, 0.8623326959847036, 0.9389312977099237, 0.9659735349716446]
history of correct point cnt: [289, 337, 397, 600, 767, 902, 984, 1022]
history of incorrect point cnt: [83, 33, 56, 44, 19, 16, 13, 10]
history of unfound point cnt: [656, 661, 584, 388, 255, 144, 64, 36]
history of accuracy: [0.756387822351681, 0.854248495814764, 0.8465179398914331, 0.859092781381938, 0.9137193462494689, 0.9384494020036196, 0.9460637421480792, 0.9512496873942656]
history of micro f1: [0.094018355593671443, 0.21622362914898177, 0.2939715246436253, 0.38083088857608816, 0.45237091518218492, 0.51912845475805691, 0.56752106411334313, 0.6314794515347395]


################ Iteration 9 ################
Training Time: 0:03:08.284123
avg prec: 0.9502206215699162
avg rec: 0.9464442784181801
avg f1: 0.9475127995970378
------------------------------------result---------------
point precision: 1.0
point recall: 1.0
sensors where a point is not found:  0.0 0
sensors where incorrect points are found:  0.0 0
unknown reason:  0.7777777777777778 56
invalid points:  16
-----------
{'accuracy': 0.9718752172401804,
 'hamming_loss': 0.00020071032638948794,
 'hierarchy_accuracy': 0.9718752172401804,
 'macro_f1': 0.89547245207622572,
 'micro_f1': 0.98519546611149666,
 'point_correct_cnt': 669,
 'point_incorrect_cnt': 0,
 'point_precision': 1.0,
 'point_recall': 1.0,
 'precision': 0.8948905109489051,
 'subset_accuracy': 0.8948905109489051,
 'unfound_point_cnt': 0,
 'weighted_f1': 0.98540457464493481}
avg prec: [ 0.99882531  0.74778966]
avg rec: [ 0.99905296  0.72722732]
avg f1: [ 0.99891942  0.73066779]
INCORRECT POINT (604_1_3014148) FOUND: exhaust_air_static_pressure_proportional_band_setpoint -> exhaust_air_static_pressure_dead_band_setpoint
INCORRECT POINT (514_14_3009021) FOUND: occupancy_command -> occupied_command
INCORRECT POINT (604_3_3013695) FOUND: alarm -> capacity_sensor
INCORRECT POINT (604_0_3013689) FOUND: humidity_sensor -> capacity_sensor
INCORRECT POINT (514_1_3006372) FOUND: heat_exchanger_supply_water_temperature_dead_band_setpoint -> supply_water_temperature_dead_band_setpoint
INCORRECT POINT (514_1_3009067) FOUND: occupied_heating_min_supply_air_flow_setpoint -> occupied_heating_temperature_setpoint
INCORRECT POINT (604_0_3012532) FOUND: supply_air_flow_sensor -> supply_air_flow_setpoint
INCORRECT POINT (513_0_3004989) FOUND: supply_air_flow_sensor -> supply_air_flow_setpoint
INCORRECT POINT (513_0_3004588) FOUND: supply_air_static_pressure_sensor -> supply_air_static_pressure_setpoint
INCORRECT POINT (513_1_3004618) FOUND: dead_band_setpoint -> supply_water_temperature_dead_band_setpoint
------------------------------------result---------------
point precision: 0.9905033238366572
point recall: 0.9830348727615457
rate points not found in source               among sensors where point is not found: 
	0.0
sensors where a point is not found:  0.1005586592178771 18
sensors where incorrect points are found:  0.055865921787709494 10
unknown reason:  0.7988826815642458 143
invalid points:  8
-----------
{'accuracy': 0.9582711799579264,
 'hamming_loss': 0.0003344784574968461,
 'hierarchy_accuracy': 0.9586632243258746,
 'macro_f1': 0.73066778675441313,
 'micro_f1': 0.97749497655726725,
 'point_correct_cnt': 1043,
 'point_incorrect_cnt': 10,
 'point_precision': 0.9905033238366572,
 'point_recall': 0.9830348727615457,
 'precision': 0.8341056533827618,
 'subset_accuracy': 0.8341056533827618,
 'unfound_point_cnt': 18,
 'weighted_f1': 0.97601131032519484}
################################# Iter# 9
history of point precision: [0.7768817204301075, 0.9108108108108108, 0.8763796909492274, 0.9316770186335404, 0.9758269720101781, 0.9825708061002179, 0.9869608826479438, 0.9903100775193798, 0.9905033238366572]
history of point recall: [0.3058201058201058, 0.3376753507014028, 0.40468909276248727, 0.6072874493927125, 0.7504892367906066, 0.8623326959847036, 0.9389312977099237, 0.9659735349716446, 0.9830348727615457]
history of correct point cnt: [289, 337, 397, 600, 767, 902, 984, 1022, 1043]
history of incorrect point cnt: [83, 33, 56, 44, 19, 16, 13, 10, 10]
history of unfound point cnt: [656, 661, 584, 388, 255, 144, 64, 36, 18]
history of accuracy: [0.756387822351681, 0.854248495814764, 0.8465179398914331, 0.859092781381938, 0.9137193462494689, 0.9384494020036196, 0.9460637421480792, 0.9512496873942656, 0.9582711799579264]
history of micro f1: [0.094018355593671443, 0.21622362914898177, 0.2939715246436253, 0.38083088857608816, 0.45237091518218492, 0.51912845475805691, 0.56752106411334313, 0.6314794515347395, 0.73066778675441313]


################ Iteration 10 ################
Training Time: 0:03:32.505401
avg prec: 0.9526437115026021
avg rec: 0.9485586749002044
avg f1: 0.9496548419479859
------------------------------------result---------------
point precision: 1.0
point recall: 1.0
sensors where a point is not found:  0.0 0
sensors where incorrect points are found:  0.0 0
unknown reason:  0.6629213483146067 59
invalid points:  30
-----------
{'accuracy': 0.9628108021732182,
 'hamming_loss': 0.00021338100764855576,
 'hierarchy_accuracy': 0.9628108021732182,
 'macro_f1': 0.89976223328241267,
 'micro_f1': 0.98408259840825985,
 'point_correct_cnt': 715,
 'point_incorrect_cnt': 0,
 'point_precision': 1.0,
 'point_recall': 1.0,
 'precision': 0.8805369127516779,
 'subset_accuracy': 0.8805369127516779,
 'unfound_point_cnt': 0,
 'weighted_f1': 0.98340839584943363}
avg prec: [ 0.99890726  0.83282367]
avg rec: [ 0.99906559  0.81207417]
avg f1: [ 0.99896669  0.81505178]
INCORRECT POINT (604_1_3014148) FOUND: exhaust_air_static_pressure_proportional_band_setpoint -> exhaust_air_static_pressure_dead_band_setpoint
INCORRECT POINT (513_0_3004588) FOUND: supply_air_static_pressure_sensor -> supply_air_static_pressure_setpoint
INCORRECT POINT (604_0_3012532) FOUND: supply_air_flow_sensor -> supply_air_flow_setpoint
INCORRECT POINT (514_14_3009021) FOUND: occupancy_command -> occupied_command
INCORRECT POINT (513_0_3004989) FOUND: supply_air_flow_sensor -> supply_air_flow_setpoint
INCORRECT POINT (513_1_3004618) FOUND: dead_band_setpoint -> supply_water_temperature_dead_band_setpoint
INCORRECT POINT (514_1_3009067) FOUND: occupied_heating_min_supply_air_flow_setpoint -> occupied_heating_temperature_setpoint2017-06-05 18:43:47,480 # of not detected tagsets: [130, 125, 120, 105, 94, 84, 76, 59, 39, 24]
2017-06-05 18:43:47,480 # of learnt but not detected tagsets: [43, 50, 62, 57, 52, 49, 44, 33, 24, 20]
2017-06-05 18:43:47,499 # total found tagsets in todo: 25
2017-06-05 18:43:47,499 # unfound tagsets: 24
2017-06-05 18:43:47,499 # todo tagsets accounting unfound tagsets: 16
2017-06-05 18:43:47,499 Ratio of correctly found todo srcids: 1.0

INCORRECT POINT (514_1_3006372) FOUND: heat_exchanger_supply_water_temperature_dead_band_setpoint -> supply_water_temperature_dead_band_setpoint
------------------------------------result---------------
point precision: 0.9924741298212606
point recall: 0.9924741298212606
rate points not found in source               among sensors where point is not found: 
	0.0
sensors where a point is not found:  0.04819277108433735 8
sensors where incorrect points are found:  0.04819277108433735 8
unknown reason:  0.8554216867469879 142
invalid points:  8
-----------
{'accuracy': 0.9597065919355077,
 'hamming_loss': 0.00031954638350145117,
 'hierarchy_accuracy': 0.9600986363034557,
 'macro_f1': 0.81505177770253923,
 'micro_f1': 0.97851549427749163,
 'point_correct_cnt': 1055,
 'point_incorrect_cnt': 8,
 'point_precision': 0.9924741298212606,
 'point_recall': 0.9924741298212606,
 'precision': 0.8461538461538461,
 'subset_accuracy': 0.8461538461538461,
 'unfound_point_cnt': 8,
 'weighted_f1': 0.97762516382765774}
################################# Iter# 10
history of point precision: [0.7768817204301075, 0.9108108108108108, 0.8763796909492274, 0.9316770186335404, 0.9758269720101781, 0.9825708061002179, 0.9869608826479438, 0.9903100775193798, 0.9905033238366572, 0.9924741298212606]
history of point recall: [0.3058201058201058, 0.3376753507014028, 0.40468909276248727, 0.6072874493927125, 0.7504892367906066, 0.8623326959847036, 0.9389312977099237, 0.9659735349716446, 0.9830348727615457, 0.9924741298212606]
history of correct point cnt: [289, 337, 397, 600, 767, 902, 984, 1022, 1043, 1055]
history of incorrect point cnt: [83, 33, 56, 44, 19, 16, 13, 10, 10, 8]
history of unfound point cnt: [656, 661, 584, 388, 255, 144, 64, 36, 18, 8]
history of accuracy: [0.756387822351681, 0.854248495814764, 0.8465179398914331, 0.859092781381938, 0.9137193462494689, 0.9384494020036196, 0.9460637421480792, 0.9512496873942656, 0.9582711799579264, 0.9597065919355077]
history of micro f1: [0.094018355593671443, 0.21622362914898177, 0.2939715246436253, 0.38083088857608816, 0.45237091518218492, 0.51912845475805691, 0.56752106411334313, 0.6314794515347395, 0.73066778675441313, 0.81505177770253923]
